<?xml version="1.0" encoding="UTF-8"?>
<testsuite name="at.uastw.LibrarySerdeTest" tests="2" skipped="0" failures="0" errors="0" timestamp="2023-11-18T21:36:39" hostname="DESKTOP-G1A7SHU" time="0.191">
  <properties/>
  <testcase name="testSerialization()" classname="at.uastw.LibrarySerdeTest" time="0.164"/>
  <testcase name="testDeserialization()" classname="at.uastw.LibrarySerdeTest" time="0.027"/>
  <system-out><![CDATA[]]></system-out>
  <system-err><![CDATA[]]></system-err>
</testsuite>
